<?xml version="1.0" encoding="UTF-8"?>
<testsuites name="jest tests" tests="2" failures="0" errors="0" time="1.087">
  <testsuite name="HttpBuildCacheProvider" errors="0" failures="0" skipped="0" timestamp="2023-09-26T20:53:27" time="0.879" tests="2">
    <testcase classname="HttpBuildCacheProvider tryGetCacheEntryBufferByIdAsync &gt; " name="prints warning if read credentials are not available (lib/test/HttpBuildCacheProvider.test.js)" time="0.014">
    </testcase>
    <testcase classname="HttpBuildCacheProvider tryGetCacheEntryBufferByIdAsync &gt; " name="attempts up to 3 times to download a cache entry (lib/test/HttpBuildCacheProvider.test.js)" time="0.005">
    </testcase>
  </testsuite>
</testsuites>